<?xml version="1.0" ?>
<!DOCTYPE coverage SYSTEM "http://cobertura.sourceforge.net/xml/coverage-04.dtd">
<coverage lines-valid="100" lines-covered="59" line-rate="0.59" branches-valid="31" branches-covered="7" branch-rate="0.22579999999999997" timestamp="1623794663073" complexity="0" version="0.1">
  <sources>
    <source>/Users/chaycarnell/Documents/projects/react-native-boilerplate</source>
  </sources>
  <packages>
    <package name="src" line-rate="0.35710000000000003" branch-rate="1">
      <classes>
        <class name="App.tsx" filename="src/App.tsx" line-rate="0.35710000000000003" branch-rate="1">
          <methods>
            <method name="(anonymous_0)" hits="1" signature="()V">
              <lines>
                <line number="26" hits="1"/>
              </lines>
            </method>
            <method name="(anonymous_1)" hits="0" signature="()V">
              <lines>
                <line number="28" hits="0"/>
              </lines>
            </method>
            <method name="(anonymous_2)" hits="0" signature="()V">
              <lines>
                <line number="31" hits="0"/>
              </lines>
            </method>
            <method name="(anonymous_3)" hits="0" signature="()V">
              <lines>
                <line number="37" hits="0"/>
              </lines>
            </method>
          </methods>
          <lines>
            <line number="24" hits="1" branch="false"/>
            <line number="26" hits="1" branch="false"/>
            <line number="28" hits="1" branch="false"/>
            <line number="31" hits="1" branch="false"/>
            <line number="32" hits="0" branch="false"/>
            <line number="33" hits="0" branch="false"/>
            <line number="34" hits="0" branch="false"/>
            <line number="35" hits="0" branch="false"/>
            <line number="36" hits="0" branch="false"/>
            <line number="37" hits="0" branch="false"/>
            <line number="38" hits="0" branch="false"/>
            <line number="39" hits="0" branch="false"/>
            <line number="40" hits="0" branch="false"/>
            <line number="44" hits="1" branch="false"/>
          </lines>
        </class>
      </classes>
    </package>
    <package name="src.components" line-rate="1" branch-rate="1">
      <classes>
        <class name="index.ts" filename="src/components/index.ts" line-rate="0" branch-rate="0">
          <methods>
          </methods>
          <lines>
          </lines>
        </class>
      </classes>
    </package>
    <package name="src.components.ApolloProvider" line-rate="0.55" branch-rate="0.2143">
      <classes>
        <class name="ApolloProvider.tsx" filename="src/components/ApolloProvider/ApolloProvider.tsx" line-rate="0.55" branch-rate="0.2143">
          <methods>
            <method name="(anonymous_0)" hits="1" signature="()V">
              <lines>
                <line number="22" hits="1"/>
              </lines>
            </method>
            <method name="(anonymous_1)" hits="0" signature="()V">
              <lines>
                <line number="25" hits="0"/>
              </lines>
            </method>
            <method name="(anonymous_2)" hits="0" signature="()V">
              <lines>
                <line number="27" hits="0"/>
              </lines>
            </method>
            <method name="(anonymous_3)" hits="0" signature="()V">
              <lines>
                <line number="32" hits="0"/>
              </lines>
            </method>
            <method name="(anonymous_4)" hits="0" signature="()V">
              <lines>
                <line number="34" hits="0"/>
              </lines>
            </method>
            <method name="(anonymous_5)" hits="0" signature="()V">
              <lines>
                <line number="45" hits="0"/>
              </lines>
            </method>
            <method name="(anonymous_6)" hits="0" signature="()V">
              <lines>
                <line number="48" hits="0"/>
              </lines>
            </method>
            <method name="(anonymous_7)" hits="0" signature="()V">
              <lines>
                <line number="67" hits="0"/>
              </lines>
            </method>
          </methods>
          <lines>
            <line number="16" hits="3" branch="true" condition-coverage="100% (2/2)"/>
            <line number="22" hits="3" branch="false"/>
            <line number="23" hits="1" branch="false"/>
            <line number="25" hits="1" branch="false"/>
            <line number="26" hits="0" branch="false"/>
            <line number="28" hits="0" branch="true" condition-coverage="0% (0/2)"/>
            <line number="32" hits="1" branch="false"/>
            <line number="33" hits="0" branch="true" condition-coverage="0% (0/2)"/>
            <line number="34" hits="0" branch="false"/>
            <line number="35" hits="0" branch="false"/>
            <line number="41" hits="0" branch="true" condition-coverage="0% (0/2)"/>
            <line number="45" hits="1" branch="false"/>
            <line number="48" hits="1" branch="false"/>
            <line number="56" hits="1" branch="false"/>
            <line number="57" hits="1" branch="true" condition-coverage="50% (1/2)"/>
            <line number="60" hits="1" branch="false"/>
            <line number="67" hits="0" branch="false"/>
            <line number="78" hits="0" branch="false"/>
            <line number="83" hits="0" branch="false"/>
            <line number="85" hits="1" branch="false"/>
          </lines>
        </class>
      </classes>
    </package>
    <package name="src.components.Example" line-rate="1" branch-rate="1">
      <classes>
        <class name="Example.styles.ts" filename="src/components/Example/Example.styles.ts" line-rate="1" branch-rate="1">
          <methods>
            <method name="(anonymous_0)" hits="5" signature="()V">
              <lines>
                <line number="11" hits="5"/>
              </lines>
            </method>
            <method name="(anonymous_1)" hits="5" signature="()V">
              <lines>
                <line number="22" hits="5"/>
              </lines>
            </method>
          </methods>
          <lines>
            <line number="8" hits="4" branch="false"/>
            <line number="11" hits="5" branch="false"/>
            <line number="18" hits="4" branch="false"/>
            <line number="22" hits="5" branch="false"/>
          </lines>
        </class>
        <class name="Example.tsx" filename="src/components/Example/Example.tsx" line-rate="1" branch-rate="1">
          <methods>
            <method name="(anonymous_0)" hits="5" signature="()V">
              <lines>
                <line number="10" hits="5"/>
              </lines>
            </method>
          </methods>
          <lines>
            <line number="10" hits="4" branch="false"/>
            <line number="15" hits="5" branch="false"/>
          </lines>
        </class>
      </classes>
    </package>
    <package name="src.components.SafeArea" line-rate="1" branch-rate="1">
      <classes>
        <class name="SafeArea.ts" filename="src/components/SafeArea/SafeArea.ts" line-rate="0" branch-rate="0">
          <methods>
          </methods>
          <lines>
          </lines>
        </class>
      </classes>
    </package>
    <package name="src.screens" line-rate="0.4" branch-rate="1">
      <classes>
        <class name="Screens.tsx" filename="src/screens/Screens.tsx" line-rate="0.4" branch-rate="1">
          <methods>
            <method name="(anonymous_0)" hits="0" signature="()V">
              <lines>
                <line number="14" hits="0"/>
              </lines>
            </method>
            <method name="(anonymous_1)" hits="0" signature="()V">
              <lines>
                <line number="22" hits="0"/>
              </lines>
            </method>
            <method name="(anonymous_2)" hits="0" signature="()V">
              <lines>
                <line number="31" hits="0"/>
              </lines>
            </method>
          </methods>
          <lines>
            <line number="7" hits="1" branch="false"/>
            <line number="12" hits="1" branch="false"/>
            <line number="15" hits="0" branch="false"/>
            <line number="22" hits="0" branch="false"/>
            <line number="31" hits="0" branch="false"/>
          </lines>
        </class>
        <class name="index.tsx" filename="src/screens/index.tsx" line-rate="0" branch-rate="0">
          <methods>
          </methods>
          <lines>
          </lines>
        </class>
      </classes>
    </package>
    <package name="src.screens.Auth" line-rate="1" branch-rate="1">
      <classes>
        <class name="Auth.tsx" filename="src/screens/Auth/Auth.tsx" line-rate="1" branch-rate="1">
          <methods>
            <method name="(anonymous_0)" hits="2" signature="()V">
              <lines>
                <line number="14" hits="2"/>
              </lines>
            </method>
            <method name="(anonymous_1)" hits="1" signature="()V">
              <lines>
                <line number="18" hits="1"/>
              </lines>
            </method>
          </methods>
          <lines>
            <line number="14" hits="2" branch="false"/>
            <line number="15" hits="2" branch="false"/>
            <line number="18" hits="1" branch="false"/>
          </lines>
        </class>
      </classes>
    </package>
    <package name="src.screens.Dashboard" line-rate="1" branch-rate="1">
      <classes>
        <class name="Dashboard.tsx" filename="src/screens/Dashboard/Dashboard.tsx" line-rate="1" branch-rate="1">
          <methods>
            <method name="(anonymous_0)" hits="2" signature="()V">
              <lines>
                <line number="19" hits="2"/>
              </lines>
            </method>
            <method name="(anonymous_1)" hits="2" signature="()V">
              <lines>
                <line number="20" hits="2"/>
              </lines>
            </method>
            <method name="(anonymous_2)" hits="1" signature="()V">
              <lines>
                <line number="28" hits="1"/>
              </lines>
            </method>
          </methods>
          <lines>
            <line number="19" hits="2" branch="false"/>
            <line number="20" hits="2" branch="false"/>
            <line number="21" hits="2" branch="false"/>
            <line number="24" hits="2" branch="false"/>
            <line number="28" hits="1" branch="false"/>
          </lines>
        </class>
      </classes>
    </package>
    <package name="src.utils" line-rate="0.5745" branch-rate="0.07139999999999999">
      <classes>
        <class name="activity.ts" filename="src/utils/activity.ts" line-rate="0.375" branch-rate="0">
          <methods>
            <method name="(anonymous_0)" hits="0" signature="()V">
              <lines>
                <line number="5" hits="0"/>
              </lines>
            </method>
            <method name="(anonymous_1)" hits="0" signature="()V">
              <lines>
                <line number="13" hits="0"/>
              </lines>
            </method>
            <method name="(anonymous_2)" hits="0" signature="()V">
              <lines>
                <line number="17" hits="0"/>
              </lines>
            </method>
          </methods>
          <lines>
            <line number="5" hits="1" branch="false"/>
            <line number="6" hits="0" branch="true" condition-coverage="0% (0/2)"/>
            <line number="7" hits="0" branch="true" condition-coverage="0% (0/2)"/>
            <line number="8" hits="0" branch="false"/>
            <line number="13" hits="1" branch="false"/>
            <line number="14" hits="0" branch="false"/>
            <line number="17" hits="1" branch="false"/>
            <line number="18" hits="0" branch="false"/>
          </lines>
        </class>
        <class name="linking.ts" filename="src/utils/linking.ts" line-rate="0.4545" branch-rate="0">
          <methods>
            <method name="(anonymous_0)" hits="0" signature="()V">
              <lines>
                <line number="4" hits="0"/>
              </lines>
            </method>
            <method name="(anonymous_1)" hits="0" signature="()V">
              <lines>
                <line number="8" hits="0"/>
              </lines>
            </method>
            <method name="(anonymous_2)" hits="0" signature="()V">
              <lines>
                <line number="12" hits="0"/>
              </lines>
            </method>
            <method name="(anonymous_3)" hits="0" signature="()V">
              <lines>
                <line number="14" hits="0"/>
              </lines>
            </method>
            <method name="(anonymous_4)" hits="0" signature="()V">
              <lines>
                <line number="17" hits="0"/>
              </lines>
            </method>
            <method name="(anonymous_5)" hits="0" signature="()V">
              <lines>
                <line number="20" hits="0"/>
              </lines>
            </method>
            <method name="(anonymous_6)" hits="0" signature="()V">
              <lines>
                <line number="24" hits="0"/>
              </lines>
            </method>
          </methods>
          <lines>
            <line number="4" hits="1" branch="false"/>
            <line number="8" hits="1" branch="false"/>
            <line number="9" hits="0" branch="false"/>
            <line number="12" hits="1" branch="false"/>
            <line number="13" hits="0" branch="false"/>
            <line number="15" hits="0" branch="true" condition-coverage="0% (0/2)"/>
            <line number="17" hits="0" branch="false"/>
            <line number="20" hits="1" branch="false"/>
            <line number="21" hits="0" branch="false"/>
            <line number="24" hits="1" branch="false"/>
            <line number="25" hits="0" branch="false"/>
          </lines>
        </class>
        <class name="navigation.ts" filename="src/utils/navigation.ts" line-rate="0.4667" branch-rate="0">
          <methods>
            <method name="(anonymous_0)" hits="0" signature="()V">
              <lines>
                <line number="13" hits="0"/>
              </lines>
            </method>
            <method name="(anonymous_1)" hits="0" signature="()V">
              <lines>
                <line number="18" hits="0"/>
              </lines>
            </method>
            <method name="(anonymous_2)" hits="0" signature="()V">
              <lines>
                <line number="21" hits="0"/>
              </lines>
            </method>
            <method name="(anonymous_3)" hits="0" signature="()V">
              <lines>
                <line number="38" hits="0"/>
              </lines>
            </method>
            <method name="(anonymous_4)" hits="0" signature="()V">
              <lines>
                <line number="42" hits="0"/>
              </lines>
            </method>
            <method name="(anonymous_5)" hits="0" signature="()V">
              <lines>
                <line number="45" hits="0"/>
              </lines>
            </method>
            <method name="(anonymous_6)" hits="0" signature="()V">
              <lines>
                <line number="49" hits="0"/>
              </lines>
            </method>
          </methods>
          <lines>
            <line number="13" hits="1" branch="false"/>
            <line number="14" hits="0" branch="false"/>
            <line number="18" hits="1" branch="false"/>
            <line number="21" hits="1" branch="false"/>
            <line number="26" hits="0" branch="false"/>
            <line number="28" hits="0" branch="true" condition-coverage="0% (0/2)"/>
            <line number="29" hits="0" branch="true" condition-coverage="0% (0/2)"/>
            <line number="30" hits="0" branch="false"/>
            <line number="34" hits="0" branch="false"/>
            <line number="38" hits="1" branch="false"/>
            <line number="42" hits="1" branch="false"/>
            <line number="45" hits="1" branch="false"/>
            <line number="46" hits="0" branch="false"/>
            <line number="49" hits="1" branch="false"/>
            <line number="50" hits="0" branch="false"/>
          </lines>
        </class>
        <class name="scale.ts" filename="src/utils/scale.ts" line-rate="0.9231" branch-rate="0.3333">
          <methods>
            <method name="(anonymous_0)" hits="8" signature="()V">
              <lines>
                <line number="13" hits="8"/>
              </lines>
            </method>
            <method name="(anonymous_1)" hits="4" signature="()V">
              <lines>
                <line number="15" hits="4"/>
              </lines>
            </method>
            <method name="(anonymous_2)" hits="0" signature="()V">
              <lines>
                <line number="17" hits="0"/>
              </lines>
            </method>
          </methods>
          <lines>
            <line number="3" hits="4" branch="false"/>
            <line number="5" hits="4" branch="true" condition-coverage="50% (1/2)"/>
            <line number="10" hits="4" branch="false"/>
            <line number="11" hits="4" branch="false"/>
            <line number="13" hits="4" branch="false"/>
            <line number="14" hits="8" branch="false"/>
            <line number="15" hits="4" branch="false"/>
            <line number="16" hits="4" branch="false"/>
            <line number="17" hits="4" branch="true" condition-coverage="0% (0/1)"/>
            <line number="18" hits="0" branch="false"/>
            <line number="20" hits="4" branch="false"/>
            <line number="21" hits="4" branch="false"/>
            <line number="22" hits="4" branch="false"/>
          </lines>
        </class>
      </classes>
    </package>
  </packages>
</coverage>
