{"/Users/chaycarnell/Documents/projects/react-native-boilerplate/src/App.tsx": {"path":"/Users/chaycarnell/Documents/projects/react-native-boilerplate/src/App.tsx","statementMap":{"0":{"start":{"line":24,"column":0},"end":{"line":24,"column":16}},"1":{"start":{"line":26,"column":12},"end":{"line":54,"column":1}},"2":{"start":{"line":28,"column":17},"end":{"line":28,"column":73}},"3":{"start":{"line":28,"column":53},"end":{"line":28,"column":73}},"4":{"start":{"line":31,"column":2},"end":{"line":42,"column":9}},"5":{"start":{"line":32,"column":4},"end":{"line":32,"column":26}},"6":{"start":{"line":33,"column":4},"end":{"line":33,"column":28}},"7":{"start":{"line":34,"column":4},"end":{"line":34,"column":30}},"8":{"start":{"line":35,"column":4},"end":{"line":35,"column":30}},"9":{"start":{"line":36,"column":4},"end":{"line":36,"column":38}},"10":{"start":{"line":37,"column":4},"end":{"line":41,"column":6}},"11":{"start":{"line":38,"column":6},"end":{"line":38,"column":29}},"12":{"start":{"line":39,"column":6},"end":{"line":39,"column":31}},"13":{"start":{"line":40,"column":6},"end":{"line":40,"column":33}},"14":{"start":{"line":44,"column":2},"end":{"line":53,"column":4}}},"fnMap":{"0":{"name":"(anonymous_0)","decl":{"start":{"line":26,"column":12},"end":{"line":26,"column":13}},"loc":{"start":{"line":26,"column":18},"end":{"line":54,"column":1}},"line":26},"1":{"name":"(anonymous_1)","decl":{"start":{"line":28,"column":17},"end":{"line":28,"column":18}},"loc":{"start":{"line":28,"column":53},"end":{"line":28,"column":73}},"line":28},"2":{"name":"(anonymous_2)","decl":{"start":{"line":31,"column":12},"end":{"line":31,"column":13}},"loc":{"start":{"line":31,"column":18},"end":{"line":42,"column":3}},"line":31},"3":{"name":"(anonymous_3)","decl":{"start":{"line":37,"column":11},"end":{"line":37,"column":12}},"loc":{"start":{"line":37,"column":17},"end":{"line":41,"column":5}},"line":37}},"branchMap":{},"s":{"0":1,"1":1,"2":1,"3":0,"4":1,"5":0,"6":0,"7":0,"8":0,"9":0,"10":0,"11":0,"12":0,"13":0,"14":1},"f":{"0":1,"1":0,"2":0,"3":0},"b":{},"_coverageSchema":"1a1c01bbd47fc00a2c39e90264f33305004495a9","hash":"155a9b74d8f6ddccd1bb10b0d6cb1e5eaba3341e"}
,"/Users/chaycarnell/Documents/projects/react-native-boilerplate/src/components/index.ts": {"path":"/Users/chaycarnell/Documents/projects/react-native-boilerplate/src/components/index.ts","statementMap":{},"fnMap":{},"branchMap":{},"s":{},"f":{},"b":{},"_coverageSchema":"1a1c01bbd47fc00a2c39e90264f33305004495a9","hash":"b1530c838e3f09283c4ce98abfe11b20f136ed66"}
,"/Users/chaycarnell/Documents/projects/react-native-boilerplate/src/components/ApolloProvider/ApolloProvider.tsx": {"path":"/Users/chaycarnell/Documents/projects/react-native-boilerplate/src/components/ApolloProvider/ApolloProvider.tsx","statementMap":{"0":{"start":{"line":16,"column":19},"end":{"line":16,"column":62}},"1":{"start":{"line":22,"column":15},"end":{"line":87,"column":1}},"2":{"start":{"line":23,"column":2},"end":{"line":86,"column":3}},"3":{"start":{"line":25,"column":37},"end":{"line":29,"column":7}},"4":{"start":{"line":26,"column":6},"end":{"line":29,"column":7}},"5":{"start":{"line":28,"column":10},"end":{"line":28,"column":72}},"6":{"start":{"line":32,"column":22},"end":{"line":42,"column":6}},"7":{"start":{"line":33,"column":6},"end":{"line":40,"column":10}},"8":{"start":{"line":34,"column":8},"end":{"line":40,"column":10}},"9":{"start":{"line":35,"column":10},"end":{"line":39,"column":11}},"10":{"start":{"line":41,"column":6},"end":{"line":41,"column":72}},"11":{"start":{"line":41,"column":24},"end":{"line":41,"column":72}},"12":{"start":{"line":45,"column":29},"end":{"line":45,"column":45}},"13":{"start":{"line":45,"column":41},"end":{"line":45,"column":45}},"14":{"start":{"line":48,"column":21},"end":{"line":53,"column":7}},"15":{"start":{"line":48,"column":59},"end":{"line":53,"column":5}},"16":{"start":{"line":56,"column":25},"end":{"line":56,"column":44}},"17":{"start":{"line":57,"column":23},"end":{"line":57,"column":72}},"18":{"start":{"line":60,"column":17},"end":{"line":75,"column":5}},"19":{"start":{"line":67,"column":41},"end":{"line":69,"column":11}},"20":{"start":{"line":78,"column":25},"end":{"line":81,"column":6}},"21":{"start":{"line":83,"column":4},"end":{"line":83,"column":77}},"22":{"start":{"line":85,"column":4},"end":{"line":85,"column":16}}},"fnMap":{"0":{"name":"(anonymous_0)","decl":{"start":{"line":22,"column":15},"end":{"line":22,"column":16}},"loc":{"start":{"line":22,"column":40},"end":{"line":87,"column":1}},"line":22},"1":{"name":"(anonymous_1)","decl":{"start":{"line":25,"column":37},"end":{"line":25,"column":38}},"loc":{"start":{"line":26,"column":6},"end":{"line":29,"column":7}},"line":26},"2":{"name":"(anonymous_2)","decl":{"start":{"line":27,"column":8},"end":{"line":27,"column":9}},"loc":{"start":{"line":28,"column":10},"end":{"line":28,"column":72}},"line":28},"3":{"name":"(anonymous_3)","decl":{"start":{"line":32,"column":30},"end":{"line":32,"column":31}},"loc":{"start":{"line":32,"column":67},"end":{"line":42,"column":5}},"line":32},"4":{"name":"(anonymous_4)","decl":{"start":{"line":34,"column":30},"end":{"line":34,"column":31}},"loc":{"start":{"line":35,"column":10},"end":{"line":39,"column":11}},"line":35},"5":{"name":"(anonymous_5)","decl":{"start":{"line":45,"column":29},"end":{"line":45,"column":30}},"loc":{"start":{"line":45,"column":41},"end":{"line":45,"column":45}},"line":45},"6":{"name":"(anonymous_6)","decl":{"start":{"line":48,"column":32},"end":{"line":48,"column":33}},"loc":{"start":{"line":48,"column":59},"end":{"line":53,"column":5}},"line":48},"7":{"name":"(anonymous_7)","decl":{"start":{"line":67,"column":28},"end":{"line":67,"column":29}},"loc":{"start":{"line":67,"column":41},"end":{"line":69,"column":11}},"line":67}},"branchMap":{"0":{"loc":{"start":{"line":16,"column":19},"end":{"line":16,"column":62}},"type":"binary-expr","locations":[{"start":{"line":16,"column":19},"end":{"line":16,"column":35}},{"start":{"line":16,"column":39},"end":{"line":16,"column":62}}],"line":16},"1":{"loc":{"start":{"line":28,"column":10},"end":{"line":28,"column":72}},"type":"binary-expr","locations":[{"start":{"line":28,"column":10},"end":{"line":28,"column":40}},{"start":{"line":28,"column":44},"end":{"line":28,"column":72}}],"line":28},"2":{"loc":{"start":{"line":33,"column":6},"end":{"line":40,"column":10}},"type":"if","locations":[{"start":{"line":33,"column":6},"end":{"line":40,"column":10}},{"start":{"line":33,"column":6},"end":{"line":40,"column":10}}],"line":33},"3":{"loc":{"start":{"line":37,"column":14},"end":{"line":37,"column":43}},"type":"binary-expr","locations":[{"start":{"line":37,"column":14},"end":{"line":37,"column":24}},{"start":{"line":37,"column":28},"end":{"line":37,"column":43}}],"line":37},"4":{"loc":{"start":{"line":41,"column":6},"end":{"line":41,"column":72}},"type":"if","locations":[{"start":{"line":41,"column":6},"end":{"line":41,"column":72}},{"start":{"line":41,"column":6},"end":{"line":41,"column":72}}],"line":41},"5":{"loc":{"start":{"line":51,"column":23},"end":{"line":51,"column":55}},"type":"binary-expr","locations":[{"start":{"line":51,"column":24},"end":{"line":51,"column":48}},{"start":{"line":51,"column":53},"end":{"line":51,"column":55}}],"line":51},"6":{"loc":{"start":{"line":57,"column":23},"end":{"line":57,"column":72}},"type":"cond-expr","locations":[{"start":{"line":57,"column":60},"end":{"line":57,"column":65}},{"start":{"line":57,"column":68},"end":{"line":57,"column":72}}],"line":57}},"s":{"0":3,"1":3,"2":1,"3":1,"4":0,"5":0,"6":1,"7":0,"8":0,"9":0,"10":0,"11":0,"12":1,"13":0,"14":1,"15":0,"16":1,"17":1,"18":1,"19":0,"20":0,"21":0,"22":1},"f":{"0":1,"1":0,"2":0,"3":0,"4":0,"5":0,"6":0,"7":0},"b":{"0":[3,3],"1":[0,0],"2":[0,0],"3":[0,0],"4":[0,0],"5":[0,0],"6":[0,1]},"_coverageSchema":"1a1c01bbd47fc00a2c39e90264f33305004495a9","hash":"76c378edfc71c1bbba8650eb01ce0236c8d043f9"}
,"/Users/chaycarnell/Documents/projects/react-native-boilerplate/src/components/Example/Example.styles.ts": {"path":"/Users/chaycarnell/Documents/projects/react-native-boilerplate/src/components/Example/Example.styles.ts","statementMap":{"0":{"start":{"line":8,"column":23},"end":{"line":16,"column":1}},"1":{"start":{"line":11,"column":37},"end":{"line":11,"column":42}},"2":{"start":{"line":18,"column":21},"end":{"line":23,"column":1}},"3":{"start":{"line":22,"column":26},"end":{"line":22,"column":31}}},"fnMap":{"0":{"name":"(anonymous_0)","decl":{"start":{"line":11,"column":22},"end":{"line":11,"column":23}},"loc":{"start":{"line":11,"column":37},"end":{"line":11,"column":42}},"line":11},"1":{"name":"(anonymous_1)","decl":{"start":{"line":22,"column":11},"end":{"line":22,"column":12}},"loc":{"start":{"line":22,"column":26},"end":{"line":22,"column":31}},"line":22}},"branchMap":{},"s":{"0":4,"1":5,"2":4,"3":5},"f":{"0":5,"1":5},"b":{},"_coverageSchema":"1a1c01bbd47fc00a2c39e90264f33305004495a9","hash":"5b71fdef9cba0181ee9da845987d5884b31bbed7"}
,"/Users/chaycarnell/Documents/projects/react-native-boilerplate/src/components/Example/Example.tsx": {"path":"/Users/chaycarnell/Documents/projects/react-native-boilerplate/src/components/Example/Example.tsx","statementMap":{"0":{"start":{"line":10,"column":15},"end":{"line":18,"column":1}},"1":{"start":{"line":15,"column":2},"end":{"line":17,"column":14}}},"fnMap":{"0":{"name":"(anonymous_0)","decl":{"start":{"line":10,"column":15},"end":{"line":10,"column":16}},"loc":{"start":{"line":15,"column":2},"end":{"line":17,"column":14}},"line":15}},"branchMap":{"0":{"loc":{"start":{"line":11,"column":2},"end":{"line":11,"column":26}},"type":"default-arg","locations":[{"start":{"line":11,"column":17},"end":{"line":11,"column":26}}],"line":11},"1":{"loc":{"start":{"line":12,"column":2},"end":{"line":12,"column":21}},"type":"default-arg","locations":[{"start":{"line":12,"column":15},"end":{"line":12,"column":21}}],"line":12},"2":{"loc":{"start":{"line":13,"column":2},"end":{"line":13,"column":12}},"type":"default-arg","locations":[{"start":{"line":13,"column":10},"end":{"line":13,"column":12}}],"line":13}},"s":{"0":4,"1":5},"f":{"0":5},"b":{"0":[1],"1":[1],"2":[5]},"_coverageSchema":"1a1c01bbd47fc00a2c39e90264f33305004495a9","hash":"8609e0841430d91d40fda14da86dada757b8f687"}
,"/Users/chaycarnell/Documents/projects/react-native-boilerplate/src/components/SafeArea/SafeArea.ts": {"path":"/Users/chaycarnell/Documents/projects/react-native-boilerplate/src/components/SafeArea/SafeArea.ts","statementMap":{},"fnMap":{},"branchMap":{},"s":{},"f":{},"b":{},"_coverageSchema":"1a1c01bbd47fc00a2c39e90264f33305004495a9","hash":"2bfc707862a96d0db1f68cfff3cba78b6066a707"}
,"/Users/chaycarnell/Documents/projects/react-native-boilerplate/src/screens/Screens.tsx": {"path":"/Users/chaycarnell/Documents/projects/react-native-boilerplate/src/screens/Screens.tsx","statementMap":{"0":{"start":{"line":7,"column":16},"end":{"line":10,"column":1}},"1":{"start":{"line":12,"column":14},"end":{"line":12,"column":36}},"2":{"start":{"line":15,"column":2},"end":{"line":34,"column":20}},"3":{"start":{"line":22,"column":26},"end":{"line":22,"column":30}},"4":{"start":{"line":31,"column":26},"end":{"line":31,"column":30}}},"fnMap":{"0":{"name":"(anonymous_0)","decl":{"start":{"line":14,"column":15},"end":{"line":14,"column":16}},"loc":{"start":{"line":15,"column":2},"end":{"line":34,"column":20}},"line":15},"1":{"name":"(anonymous_1)","decl":{"start":{"line":22,"column":20},"end":{"line":22,"column":21}},"loc":{"start":{"line":22,"column":26},"end":{"line":22,"column":30}},"line":22},"2":{"name":"(anonymous_2)","decl":{"start":{"line":31,"column":20},"end":{"line":31,"column":21}},"loc":{"start":{"line":31,"column":26},"end":{"line":31,"column":30}},"line":31}},"branchMap":{},"s":{"0":1,"1":1,"2":0,"3":0,"4":0},"f":{"0":0,"1":0,"2":0},"b":{},"_coverageSchema":"1a1c01bbd47fc00a2c39e90264f33305004495a9","hash":"a5a165a500f2c3fbfb9f3c143948246c42272cbb"}
,"/Users/chaycarnell/Documents/projects/react-native-boilerplate/src/screens/index.tsx": {"path":"/Users/chaycarnell/Documents/projects/react-native-boilerplate/src/screens/index.tsx","statementMap":{},"fnMap":{},"branchMap":{},"s":{},"f":{},"b":{},"_coverageSchema":"1a1c01bbd47fc00a2c39e90264f33305004495a9","hash":"5afa748369fdb40d8b094b2151e29a79015731ac"}
,"/Users/chaycarnell/Documents/projects/react-native-boilerplate/src/screens/Auth/Auth.tsx": {"path":"/Users/chaycarnell/Documents/projects/react-native-boilerplate/src/screens/Auth/Auth.tsx","statementMap":{"0":{"start":{"line":14,"column":15},"end":{"line":26,"column":1}},"1":{"start":{"line":15,"column":2},"end":{"line":25,"column":9}},"2":{"start":{"line":18,"column":21},"end":{"line":18,"column":57}}},"fnMap":{"0":{"name":"(anonymous_0)","decl":{"start":{"line":14,"column":15},"end":{"line":14,"column":16}},"loc":{"start":{"line":15,"column":2},"end":{"line":25,"column":9}},"line":15},"1":{"name":"(anonymous_1)","decl":{"start":{"line":18,"column":15},"end":{"line":18,"column":16}},"loc":{"start":{"line":18,"column":21},"end":{"line":18,"column":57}},"line":18}},"branchMap":{},"s":{"0":2,"1":2,"2":1},"f":{"0":2,"1":1},"b":{},"_coverageSchema":"1a1c01bbd47fc00a2c39e90264f33305004495a9","hash":"23d2019589dd57301b7de65b1e846afd4a800d19"}
,"/Users/chaycarnell/Documents/projects/react-native-boilerplate/src/screens/Dashboard/Dashboard.tsx": {"path":"/Users/chaycarnell/Documents/projects/react-native-boilerplate/src/screens/Dashboard/Dashboard.tsx","statementMap":{"0":{"start":{"line":19,"column":15},"end":{"line":40,"column":1}},"1":{"start":{"line":20,"column":2},"end":{"line":22,"column":5}},"2":{"start":{"line":21,"column":4},"end":{"line":21,"column":44}},"3":{"start":{"line":24,"column":2},"end":{"line":39,"column":4}},"4":{"start":{"line":28,"column":23},"end":{"line":28,"column":54}}},"fnMap":{"0":{"name":"(anonymous_0)","decl":{"start":{"line":19,"column":15},"end":{"line":19,"column":16}},"loc":{"start":{"line":19,"column":42},"end":{"line":40,"column":1}},"line":19},"1":{"name":"(anonymous_1)","decl":{"start":{"line":20,"column":17},"end":{"line":20,"column":18}},"loc":{"start":{"line":20,"column":23},"end":{"line":22,"column":3}},"line":20},"2":{"name":"(anonymous_2)","decl":{"start":{"line":28,"column":17},"end":{"line":28,"column":18}},"loc":{"start":{"line":28,"column":23},"end":{"line":28,"column":54}},"line":28}},"branchMap":{},"s":{"0":2,"1":2,"2":2,"3":2,"4":1},"f":{"0":2,"1":2,"2":1},"b":{},"_coverageSchema":"1a1c01bbd47fc00a2c39e90264f33305004495a9","hash":"a01d5d36ce7c292ec965e0beed55ca87c67bf0f3"}
,"/Users/chaycarnell/Documents/projects/react-native-boilerplate/src/utils/activity.ts": {"path":"/Users/chaycarnell/Documents/projects/react-native-boilerplate/src/utils/activity.ts","statementMap":{"0":{"start":{"line":5,"column":26},"end":{"line":9,"column":1}},"1":{"start":{"line":6,"column":2},"end":{"line":6,"column":75}},"2":{"start":{"line":6,"column":26},"end":{"line":6,"column":75}},"3":{"start":{"line":7,"column":2},"end":{"line":8,"column":57}},"4":{"start":{"line":8,"column":4},"end":{"line":8,"column":57}},"5":{"start":{"line":13,"column":35},"end":{"line":14,"column":56}},"6":{"start":{"line":14,"column":2},"end":{"line":14,"column":56}},"7":{"start":{"line":17,"column":36},"end":{"line":18,"column":59}},"8":{"start":{"line":18,"column":2},"end":{"line":18,"column":59}}},"fnMap":{"0":{"name":"(anonymous_0)","decl":{"start":{"line":5,"column":26},"end":{"line":5,"column":27}},"loc":{"start":{"line":5,"column":45},"end":{"line":9,"column":1}},"line":5},"1":{"name":"(anonymous_1)","decl":{"start":{"line":13,"column":35},"end":{"line":13,"column":36}},"loc":{"start":{"line":14,"column":2},"end":{"line":14,"column":56}},"line":14},"2":{"name":"(anonymous_2)","decl":{"start":{"line":17,"column":36},"end":{"line":17,"column":37}},"loc":{"start":{"line":18,"column":2},"end":{"line":18,"column":59}},"line":18}},"branchMap":{"0":{"loc":{"start":{"line":6,"column":2},"end":{"line":6,"column":75}},"type":"if","locations":[{"start":{"line":6,"column":2},"end":{"line":6,"column":75}},{"start":{"line":6,"column":2},"end":{"line":6,"column":75}}],"line":6},"1":{"loc":{"start":{"line":7,"column":2},"end":{"line":8,"column":57}},"type":"if","locations":[{"start":{"line":7,"column":2},"end":{"line":8,"column":57}},{"start":{"line":7,"column":2},"end":{"line":8,"column":57}}],"line":7}},"s":{"0":1,"1":0,"2":0,"3":0,"4":0,"5":1,"6":0,"7":1,"8":0},"f":{"0":0,"1":0,"2":0},"b":{"0":[0,0],"1":[0,0]},"_coverageSchema":"1a1c01bbd47fc00a2c39e90264f33305004495a9","hash":"a79509c8dcc926bc06e8a0ff4557ec579059ed4d"}
,"/Users/chaycarnell/Documents/projects/react-native-boilerplate/src/utils/linking.ts": {"path":"/Users/chaycarnell/Documents/projects/react-native-boilerplate/src/utils/linking.ts","statementMap":{"0":{"start":{"line":4,"column":24},"end":{"line":4,"column":63}},"1":{"start":{"line":4,"column":42},"end":{"line":4,"column":63}},"2":{"start":{"line":8,"column":29},"end":{"line":9,"column":39}},"3":{"start":{"line":9,"column":2},"end":{"line":9,"column":39}},"4":{"start":{"line":12,"column":39},"end":{"line":17,"column":50}},"5":{"start":{"line":13,"column":2},"end":{"line":17,"column":50}},"6":{"start":{"line":15,"column":6},"end":{"line":15,"column":34}},"7":{"start":{"line":15,"column":15},"end":{"line":15,"column":34}},"8":{"start":{"line":17,"column":16},"end":{"line":17,"column":49}},"9":{"start":{"line":20,"column":37},"end":{"line":21,"column":48}},"10":{"start":{"line":21,"column":2},"end":{"line":21,"column":48}},"11":{"start":{"line":24,"column":38},"end":{"line":25,"column":51}},"12":{"start":{"line":25,"column":2},"end":{"line":25,"column":51}}},"fnMap":{"0":{"name":"(anonymous_0)","decl":{"start":{"line":4,"column":24},"end":{"line":4,"column":25}},"loc":{"start":{"line":4,"column":42},"end":{"line":4,"column":63}},"line":4},"1":{"name":"(anonymous_1)","decl":{"start":{"line":8,"column":29},"end":{"line":8,"column":30}},"loc":{"start":{"line":9,"column":2},"end":{"line":9,"column":39}},"line":9},"2":{"name":"(anonymous_2)","decl":{"start":{"line":12,"column":39},"end":{"line":12,"column":40}},"loc":{"start":{"line":13,"column":2},"end":{"line":17,"column":50}},"line":13},"3":{"name":"(anonymous_3)","decl":{"start":{"line":14,"column":10},"end":{"line":14,"column":11}},"loc":{"start":{"line":14,"column":24},"end":{"line":16,"column":5}},"line":14},"4":{"name":"(anonymous_4)","decl":{"start":{"line":17,"column":11},"end":{"line":17,"column":12}},"loc":{"start":{"line":17,"column":16},"end":{"line":17,"column":49}},"line":17},"5":{"name":"(anonymous_5)","decl":{"start":{"line":20,"column":37},"end":{"line":20,"column":38}},"loc":{"start":{"line":21,"column":2},"end":{"line":21,"column":48}},"line":21},"6":{"name":"(anonymous_6)","decl":{"start":{"line":24,"column":38},"end":{"line":24,"column":39}},"loc":{"start":{"line":25,"column":2},"end":{"line":25,"column":51}},"line":25}},"branchMap":{"0":{"loc":{"start":{"line":15,"column":6},"end":{"line":15,"column":34}},"type":"if","locations":[{"start":{"line":15,"column":6},"end":{"line":15,"column":34}},{"start":{"line":15,"column":6},"end":{"line":15,"column":34}}],"line":15}},"s":{"0":1,"1":0,"2":1,"3":0,"4":1,"5":0,"6":0,"7":0,"8":0,"9":1,"10":0,"11":1,"12":0},"f":{"0":0,"1":0,"2":0,"3":0,"4":0,"5":0,"6":0},"b":{"0":[0,0]},"_coverageSchema":"1a1c01bbd47fc00a2c39e90264f33305004495a9","hash":"c4ae6dc8764d19d6983447203809965522859663"}
,"/Users/chaycarnell/Documents/projects/react-native-boilerplate/src/utils/navigation.ts": {"path":"/Users/chaycarnell/Documents/projects/react-native-boilerplate/src/utils/navigation.ts","statementMap":{"0":{"start":{"line":13,"column":28},"end":{"line":15,"column":1}},"1":{"start":{"line":14,"column":2},"end":{"line":14,"column":21}},"2":{"start":{"line":18,"column":29},"end":{"line":18,"column":44}},"3":{"start":{"line":18,"column":35},"end":{"line":18,"column":44}},"4":{"start":{"line":21,"column":24},"end":{"line":35,"column":1}},"5":{"start":{"line":26,"column":21},"end":{"line":26,"column":36}},"6":{"start":{"line":28,"column":2},"end":{"line":28,"column":31}},"7":{"start":{"line":28,"column":19},"end":{"line":28,"column":31}},"8":{"start":{"line":29,"column":2},"end":{"line":33,"column":7}},"9":{"start":{"line":30,"column":4},"end":{"line":33,"column":7}},"10":{"start":{"line":34,"column":2},"end":{"line":34,"column":49}},"11":{"start":{"line":38,"column":25},"end":{"line":38,"column":58}},"12":{"start":{"line":38,"column":31},"end":{"line":38,"column":58}},"13":{"start":{"line":42,"column":27},"end":{"line":42,"column":45}},"14":{"start":{"line":42,"column":33},"end":{"line":42,"column":45}},"15":{"start":{"line":45,"column":39},"end":{"line":46,"column":71}},"16":{"start":{"line":46,"column":2},"end":{"line":46,"column":71}},"17":{"start":{"line":49,"column":40},"end":{"line":50,"column":74}},"18":{"start":{"line":50,"column":2},"end":{"line":50,"column":74}}},"fnMap":{"0":{"name":"(anonymous_0)","decl":{"start":{"line":13,"column":28},"end":{"line":13,"column":29}},"loc":{"start":{"line":13,"column":64},"end":{"line":15,"column":1}},"line":13},"1":{"name":"(anonymous_1)","decl":{"start":{"line":18,"column":29},"end":{"line":18,"column":30}},"loc":{"start":{"line":18,"column":35},"end":{"line":18,"column":44}},"line":18},"2":{"name":"(anonymous_2)","decl":{"start":{"line":21,"column":24},"end":{"line":21,"column":25}},"loc":{"start":{"line":25,"column":5},"end":{"line":35,"column":1}},"line":25},"3":{"name":"(anonymous_3)","decl":{"start":{"line":38,"column":25},"end":{"line":38,"column":26}},"loc":{"start":{"line":38,"column":31},"end":{"line":38,"column":58}},"line":38},"4":{"name":"(anonymous_4)","decl":{"start":{"line":42,"column":27},"end":{"line":42,"column":28}},"loc":{"start":{"line":42,"column":33},"end":{"line":42,"column":45}},"line":42},"5":{"name":"(anonymous_5)","decl":{"start":{"line":45,"column":39},"end":{"line":45,"column":40}},"loc":{"start":{"line":46,"column":2},"end":{"line":46,"column":71}},"line":46},"6":{"name":"(anonymous_6)","decl":{"start":{"line":49,"column":40},"end":{"line":49,"column":41}},"loc":{"start":{"line":50,"column":2},"end":{"line":50,"column":74}},"line":50}},"branchMap":{"0":{"loc":{"start":{"line":24,"column":2},"end":{"line":24,"column":41}},"type":"default-arg","locations":[{"start":{"line":24,"column":36},"end":{"line":24,"column":41}}],"line":24},"1":{"loc":{"start":{"line":28,"column":2},"end":{"line":28,"column":31}},"type":"if","locations":[{"start":{"line":28,"column":2},"end":{"line":28,"column":31}},{"start":{"line":28,"column":2},"end":{"line":28,"column":31}}],"line":28},"2":{"loc":{"start":{"line":29,"column":2},"end":{"line":33,"column":7}},"type":"if","locations":[{"start":{"line":29,"column":2},"end":{"line":33,"column":7}},{"start":{"line":29,"column":2},"end":{"line":33,"column":7}}],"line":29}},"s":{"0":1,"1":0,"2":1,"3":0,"4":1,"5":0,"6":0,"7":0,"8":0,"9":0,"10":0,"11":1,"12":0,"13":1,"14":0,"15":1,"16":0,"17":1,"18":0},"f":{"0":0,"1":0,"2":0,"3":0,"4":0,"5":0,"6":0},"b":{"0":[0],"1":[0,0],"2":[0,0]},"_coverageSchema":"1a1c01bbd47fc00a2c39e90264f33305004495a9","hash":"0e1003c305854e289e9c0a0dd5d45b0f67f7a1c6"}
,"/Users/chaycarnell/Documents/projects/react-native-boilerplate/src/utils/scale.ts": {"path":"/Users/chaycarnell/Documents/projects/react-native-boilerplate/src/utils/scale.ts","statementMap":{"0":{"start":{"line":3,"column":26},"end":{"line":3,"column":50}},"1":{"start":{"line":5,"column":2},"end":{"line":5,"column":52}},"2":{"start":{"line":10,"column":27},"end":{"line":10,"column":30}},"3":{"start":{"line":11,"column":28},"end":{"line":11,"column":31}},"4":{"start":{"line":13,"column":21},"end":{"line":14,"column":46}},"5":{"start":{"line":14,"column":2},"end":{"line":14,"column":46}},"6":{"start":{"line":15,"column":29},"end":{"line":16,"column":46}},"7":{"start":{"line":16,"column":2},"end":{"line":16,"column":46}},"8":{"start":{"line":17,"column":29},"end":{"line":18,"column":38}},"9":{"start":{"line":18,"column":2},"end":{"line":18,"column":38}},"10":{"start":{"line":20,"column":17},"end":{"line":20,"column":22}},"11":{"start":{"line":21,"column":18},"end":{"line":21,"column":31}},"12":{"start":{"line":22,"column":18},"end":{"line":22,"column":31}}},"fnMap":{"0":{"name":"(anonymous_0)","decl":{"start":{"line":13,"column":21},"end":{"line":13,"column":22}},"loc":{"start":{"line":14,"column":2},"end":{"line":14,"column":46}},"line":14},"1":{"name":"(anonymous_1)","decl":{"start":{"line":15,"column":29},"end":{"line":15,"column":30}},"loc":{"start":{"line":16,"column":2},"end":{"line":16,"column":46}},"line":16},"2":{"name":"(anonymous_2)","decl":{"start":{"line":17,"column":29},"end":{"line":17,"column":30}},"loc":{"start":{"line":18,"column":2},"end":{"line":18,"column":38}},"line":18}},"branchMap":{"0":{"loc":{"start":{"line":5,"column":2},"end":{"line":5,"column":52}},"type":"cond-expr","locations":[{"start":{"line":5,"column":19},"end":{"line":5,"column":34}},{"start":{"line":5,"column":37},"end":{"line":5,"column":52}}],"line":5},"1":{"loc":{"start":{"line":17,"column":44},"end":{"line":17,"column":64}},"type":"default-arg","locations":[{"start":{"line":17,"column":61},"end":{"line":17,"column":64}}],"line":17}},"s":{"0":4,"1":4,"2":4,"3":4,"4":4,"5":8,"6":4,"7":4,"8":4,"9":0,"10":4,"11":4,"12":4},"f":{"0":8,"1":4,"2":0},"b":{"0":[4,0],"1":[0]},"_coverageSchema":"1a1c01bbd47fc00a2c39e90264f33305004495a9","hash":"9ce5c5a360e33c79b26f8d358f254720df0b2711"}
}
